<?xml version="1.0" encoding="UTF-8"?>
<!-- Generated by org.testng.reporters.JUnitXMLReporter -->
<testsuite hostname="USMUMRKARKHA2" name="Default test" tests="3" failures="0" timestamp="11 Feb 2019 18:26:25 GMT" time="15.816" errors="0">
  <testcase name="addNewComputer" time="1.982" classname="com.pageobjectmodelassignment.testcases.TC_003_Delete_Computer"/>
  <testcase name="deleteComputer" time="2.014" classname="com.pageobjectmodelassignment.testcases.TC_003_Delete_Computer"/>
  <testcase name="searchDeletedComputer" time="0.625" classname="com.pageobjectmodelassignment.testcases.TC_003_Delete_Computer"/>
</testsuite> <!-- Default test -->
