<?xml version="1.0" encoding="UTF-8"?>
<!-- Generated by org.testng.reporters.JUnitXMLReporter -->
<testsuite hostname="USMUMRKARKHA2" name="TC_002_Retrieve_Exsisting_Computer" tests="2" failures="0" timestamp="11 Feb 2019 18:55:26 GMT" time="11.922" errors="0">
  <testcase name="addNewComputer" time="1.948" classname="com.pageobjectmodelassignment.testcases.TC_002_Retrieve_Exsisting_Computer"/>
  <testcase name="validateRetrieveComputer" time="2.109" classname="com.pageobjectmodelassignment.testcases.TC_002_Retrieve_Exsisting_Computer"/>
</testsuite> <!-- TC_002_Retrieve_Exsisting_Computer -->
