<?xml version="1.0" encoding="UTF-8"?>
<!-- Generated by org.testng.reporters.JUnitXMLReporter -->
<testsuite hostname="USMUMRKARKHA2" name="TC_003_Delete_Computer" tests="3" failures="0" timestamp="21 Feb 2019 23:59:51 GMT" time="14.539" errors="0">
  <testcase name="addNewComputer" time="1.97" classname="com.pageobjectmodelassignment.testcases.TC_003_Delete_Computer"/>
  <testcase name="deleteComputer" time="2.327" classname="com.pageobjectmodelassignment.testcases.TC_003_Delete_Computer"/>
  <testcase name="searchDeletedComputer" time="0.653" classname="com.pageobjectmodelassignment.testcases.TC_003_Delete_Computer"/>
</testsuite> <!-- TC_003_Delete_Computer -->
