<?xml version="1.0" encoding="UTF-8"?>
<!-- Generated by org.testng.reporters.JUnitXMLReporter -->
<testsuite hostname="USMUMRKARKHA2" name="TC_001_Add_New_Computer" tests="2" failures="0" timestamp="21 Feb 2019 23:59:23 GMT" time="16.021" errors="0">
  <testcase name="addNewComputer" time="2.178" classname="com.pageobjectmodelassignment.testcases.TC_001_Add_New_Computer"/>
  <testcase name="searchAddedComputer" time="0.869" classname="com.pageobjectmodelassignment.testcases.TC_001_Add_New_Computer"/>
</testsuite> <!-- TC_001_Add_New_Computer -->
