<?xml version="1.0" encoding="UTF-8"?>
<!-- Generated by org.testng.reporters.JUnitXMLReporter -->
<testsuite hostname="USMUMRKARKHA2" name="TC_002_Retrieve_Existing_Computer" tests="2" failures="0" timestamp="21 Feb 2019 23:59:37 GMT" time="13.676" errors="0">
  <testcase name="addNewComputer" time="1.952" classname="com.pageobjectmodelassignment.testcases.TC_002_Retrieve_Existing_Computer"/>
  <testcase name="validateRetrieveComputer" time="2.189" classname="com.pageobjectmodelassignment.testcases.TC_002_Retrieve_Existing_Computer"/>
</testsuite> <!-- TC_002_Retrieve_Existing_Computer -->
