<?xml version="1.0" encoding="UTF-8"?>
<!-- Generated by org.testng.reporters.JUnitXMLReporter -->
<testsuite hostname="USMUMRKARKHA2" name="TC_004_Edit_Computer" tests="3" failures="0" timestamp="22 Feb 2019 00:00:06 GMT" time="14.422" errors="0">
  <testcase name="addNewComputer" time="1.673" classname="com.pageobjectmodelassignment.testcases.TC_004_Edit_Computer"/>
  <testcase name="editComputer" time="2.302" classname="com.pageobjectmodelassignment.testcases.TC_004_Edit_Computer"/>
  <testcase name="searchEditedComputer" time="1.364" classname="com.pageobjectmodelassignment.testcases.TC_004_Edit_Computer"/>
</testsuite> <!-- TC_004_Edit_Computer -->
